[ERROR] 2018-04-12 10:32:59 AppContext@(AppContext.java:47):初始化失败
com.google.gson.JsonSyntaxException: java.lang.IllegalStateException: Expected BEGIN_OBJECT but was STRING at line 1 column 1 path $
	at com.google.gson.internal.bind.ReflectiveTypeAdapterFactory$Adapter.read(ReflectiveTypeAdapterFactory.java:224)
	at com.google.gson.Gson.fromJson(Gson.java:887)
	at com.google.gson.Gson.fromJson(Gson.java:852)
	at com.google.gson.Gson.fromJson(Gson.java:801)
	at com.google.gson.Gson.fromJson(Gson.java:773)
	at com.albert.AppContext.initConfig(AppContext.java:42)
	at com.albert.AppContext.<init>(AppContext.java:74)
	at com.albert.AppContext.INSTANCE(AppContext.java:82)
	at com.albert.Application.main(Application.java:19)
Caused by: java.lang.IllegalStateException: Expected BEGIN_OBJECT but was STRING at line 1 column 1 path $
	at com.google.gson.stream.JsonReader.beginObject(JsonReader.java:385)
	at com.google.gson.internal.bind.ReflectiveTypeAdapterFactory$Adapter.read(ReflectiveTypeAdapterFactory.java:213)
	... 8 more
[ERROR] 2018-04-12 10:35:00 AppContext@(AppContext.java:47):初始化失败
java.lang.NullPointerException
	at com.albert.AppContext.initConfig(AppContext.java:42)
	at com.albert.AppContext.<init>(AppContext.java:74)
	at com.albert.AppContext.INSTANCE(AppContext.java:82)
	at com.albert.Application.main(Application.java:19)
[ERROR] 2019-01-24 15:04:09 AppContext@(AppContext.java:51):初始化失败
java.lang.NullPointerException
	at java.io.Reader.<init>(Reader.java:78)
	at java.io.InputStreamReader.<init>(InputStreamReader.java:113)
	at com.albert.utils.JsonUtil.readJsonFromFile(JsonUtil.java:56)
	at com.albert.utils.JsonUtil.readJsonFromStream(JsonUtil.java:44)
	at com.albert.AppContext.initConfig(AppContext.java:45)
	at com.albert.AppContext.<init>(AppContext.java:107)
	at com.albert.AppContext.INSTANCE(AppContext.java:115)
	at com.albert.Application.main(Application.java:17)
[ERROR] 2019-01-24 15:04:12 Application@(Application.java:39):
java.lang.NullPointerException
	at com.albert.ui.SetWindow.fillTable(SetWindow.java:196)
	at com.albert.ui.SetWindow.initialize(SetWindow.java:175)
	at com.albert.ui.SetWindow.<init>(SetWindow.java:56)
	at com.albert.AppContext.getWindow(AppContext.java:155)
	at com.albert.Application.main(Application.java:25)
[WARN ] 2021-01-18 20:08:08 JRJdbcQueryExecuter@(JRJdbcQueryExecuter.java:146):The supplied java.sql.Connection object is null.
[WARN ] 2021-01-18 20:11:36 JRBandFactory@(JRBandFactory.java:57):The 'isSplitAllowed' attribute is deprecated. Use the 'splitType' attribute instead.
[WARN ] 2021-01-18 20:11:36 JRBandFactory@(JRBandFactory.java:57):The 'isSplitAllowed' attribute is deprecated. Use the 'splitType' attribute instead.
[WARN ] 2021-01-18 20:11:36 JRTextFieldFactory@(JRTextFieldFactory.java:66):The 'isStretchWithOverflow' attribute is deprecated. Use the 'textAdjust' attribute instead.
[WARN ] 2021-01-18 20:11:36 JRTextFieldFactory@(JRTextFieldFactory.java:66):The 'isStretchWithOverflow' attribute is deprecated. Use the 'textAdjust' attribute instead.
[WARN ] 2021-01-18 20:11:36 JRTextFieldFactory@(JRTextFieldFactory.java:66):The 'isStretchWithOverflow' attribute is deprecated. Use the 'textAdjust' attribute instead.
[WARN ] 2021-01-18 20:11:53 JRBandFactory@(JRBandFactory.java:57):The 'isSplitAllowed' attribute is deprecated. Use the 'splitType' attribute instead.
[WARN ] 2021-01-18 20:11:53 JRBandFactory@(JRBandFactory.java:57):The 'isSplitAllowed' attribute is deprecated. Use the 'splitType' attribute instead.
[WARN ] 2021-01-18 20:11:53 JRTextFieldFactory@(JRTextFieldFactory.java:66):The 'isStretchWithOverflow' attribute is deprecated. Use the 'textAdjust' attribute instead.
[WARN ] 2021-01-18 20:11:53 JRTextFieldFactory@(JRTextFieldFactory.java:66):The 'isStretchWithOverflow' attribute is deprecated. Use the 'textAdjust' attribute instead.
[WARN ] 2021-01-18 20:11:53 JRTextFieldFactory@(JRTextFieldFactory.java:66):The 'isStretchWithOverflow' attribute is deprecated. Use the 'textAdjust' attribute instead.
[WARN ] 2021-01-18 20:12:24 JRBandFactory@(JRBandFactory.java:57):The 'isSplitAllowed' attribute is deprecated. Use the 'splitType' attribute instead.
[WARN ] 2021-01-18 20:12:24 JRBandFactory@(JRBandFactory.java:57):The 'isSplitAllowed' attribute is deprecated. Use the 'splitType' attribute instead.
[WARN ] 2021-01-18 20:12:43 JRBandFactory@(JRBandFactory.java:57):The 'isSplitAllowed' attribute is deprecated. Use the 'splitType' attribute instead.
[WARN ] 2021-01-18 20:12:43 JRBandFactory@(JRBandFactory.java:57):The 'isSplitAllowed' attribute is deprecated. Use the 'splitType' attribute instead.
[WARN ] 2021-01-18 20:13:08 JRBandFactory@(JRBandFactory.java:57):The 'isSplitAllowed' attribute is deprecated. Use the 'splitType' attribute instead.
[WARN ] 2021-01-18 20:13:08 JRBandFactory@(JRBandFactory.java:57):The 'isSplitAllowed' attribute is deprecated. Use the 'splitType' attribute instead.
[WARN ] 2021-01-18 20:35:44 JRBandFactory@(JRBandFactory.java:57):The 'isSplitAllowed' attribute is deprecated. Use the 'splitType' attribute instead.
[WARN ] 2021-01-18 20:35:44 JRBandFactory@(JRBandFactory.java:57):The 'isSplitAllowed' attribute is deprecated. Use the 'splitType' attribute instead.
[WARN ] 2021-01-18 20:35:58 JRBandFactory@(JRBandFactory.java:57):The 'isSplitAllowed' attribute is deprecated. Use the 'splitType' attribute instead.
[WARN ] 2021-01-18 20:35:58 JRBandFactory@(JRBandFactory.java:57):The 'isSplitAllowed' attribute is deprecated. Use the 'splitType' attribute instead.
[WARN ] 2021-01-18 20:36:00 PdfGlyphRenderer@(PdfGlyphRenderer.java:64):Unpatched iText found, cannot use glyph rendering
[WARN ] 2021-01-18 20:36:19 JRBandFactory@(JRBandFactory.java:57):The 'isSplitAllowed' attribute is deprecated. Use the 'splitType' attribute instead.
[WARN ] 2021-01-18 20:36:19 JRBandFactory@(JRBandFactory.java:57):The 'isSplitAllowed' attribute is deprecated. Use the 'splitType' attribute instead.
[WARN ] 2021-01-18 20:36:21 PdfGlyphRenderer@(PdfGlyphRenderer.java:64):Unpatched iText found, cannot use glyph rendering
[WARN ] 2021-01-18 20:36:30 JRBandFactory@(JRBandFactory.java:57):The 'isSplitAllowed' attribute is deprecated. Use the 'splitType' attribute instead.
[WARN ] 2021-01-18 20:36:30 JRBandFactory@(JRBandFactory.java:57):The 'isSplitAllowed' attribute is deprecated. Use the 'splitType' attribute instead.
[WARN ] 2021-01-18 20:36:31 PdfGlyphRenderer@(PdfGlyphRenderer.java:64):Unpatched iText found, cannot use glyph rendering
[WARN ] 2021-01-18 20:40:21 JRBandFactory@(JRBandFactory.java:57):The 'isSplitAllowed' attribute is deprecated. Use the 'splitType' attribute instead.
[WARN ] 2021-01-18 20:40:21 JRBandFactory@(JRBandFactory.java:57):The 'isSplitAllowed' attribute is deprecated. Use the 'splitType' attribute instead.
[WARN ] 2021-01-18 20:40:23 PdfGlyphRenderer@(PdfGlyphRenderer.java:64):Unpatched iText found, cannot use glyph rendering
[WARN ] 2021-01-18 20:40:27 JRBandFactory@(JRBandFactory.java:57):The 'isSplitAllowed' attribute is deprecated. Use the 'splitType' attribute instead.
[WARN ] 2021-01-18 20:40:27 JRBandFactory@(JRBandFactory.java:57):The 'isSplitAllowed' attribute is deprecated. Use the 'splitType' attribute instead.
[WARN ] 2021-01-18 20:40:29 PdfGlyphRenderer@(PdfGlyphRenderer.java:64):Unpatched iText found, cannot use glyph rendering
[WARN ] 2021-01-18 20:42:38 JRBandFactory@(JRBandFactory.java:57):The 'isSplitAllowed' attribute is deprecated. Use the 'splitType' attribute instead.
[WARN ] 2021-01-18 20:42:38 JRBandFactory@(JRBandFactory.java:57):The 'isSplitAllowed' attribute is deprecated. Use the 'splitType' attribute instead.
[WARN ] 2021-01-18 20:42:40 PdfGlyphRenderer@(PdfGlyphRenderer.java:64):Unpatched iText found, cannot use glyph rendering
[WARN ] 2021-01-18 20:45:33 JRJdbcQueryExecuter@(JRJdbcQueryExecuter.java:146):The supplied java.sql.Connection object is null.
[WARN ] 2021-01-18 20:45:33 PdfGlyphRenderer@(PdfGlyphRenderer.java:64):Unpatched iText found, cannot use glyph rendering
[WARN ] 2021-01-18 20:48:52 JRJdbcQueryExecuter@(JRJdbcQueryExecuter.java:146):The supplied java.sql.Connection object is null.
[WARN ] 2021-01-18 20:52:00 JRJdbcQueryExecuter@(JRJdbcQueryExecuter.java:146):The supplied java.sql.Connection object is null.
[WARN ] 2021-01-18 20:53:54 JRJdbcQueryExecuter@(JRJdbcQueryExecuter.java:146):The supplied java.sql.Connection object is null.
[WARN ] 2021-01-18 20:54:55 PdfGlyphRenderer@(PdfGlyphRenderer.java:64):Unpatched iText found, cannot use glyph rendering
